2013/12/27 00:03:39 [error] [exception.CException] exception 'CException' with message 'L'alias « application.behaviors.ActiveRecordLogableBehaviorU » est invalide. Vérifiez qu'il pointe vers un fichier PHP existant.' in /var/www/yii/framework/YiiBase.php:322
Stack trace:
#0 /var/www/yii/framework/YiiBase.php(196): YiiBase::import('application.beh...', true)
#1 /var/www/yii/framework/base/CComponent.php(329): YiiBase::createComponent('application.beh...')
#2 /var/www/yii/framework/base/CComponent.php(298): CComponent->attachBehavior('ActiveRecordLog...', 'application.beh...')
#3 /var/www/yii/framework/db/ar/CActiveRecord.php(396): CComponent->attachBehaviors(Array)
#4 /var/www/DonneurDeSang/protected/models/User.php(118): CActiveRecord::model('User')
#5 /var/www/DonneurDeSang/themes/myTheme/views/layouts/main.php(110): User::model()
#6 /var/www/yii/framework/web/CBaseController.php(126): require('/var/www/Donneu...')
#7 /var/www/yii/framework/web/CBaseController.php(95): CBaseController->renderInternal('/var/www/Donneu...', Array, true)
#8 /var/www/yii/framework/web/widgets/CContentDecorator.php(76): CBaseController->renderFile('/var/www/Donneu...', Array, true)
#9 /var/www/yii/framework/web/widgets/CContentDecorator.php(54): CContentDecorator->decorate('<div class="spa...')
#10 /var/www/yii/framework/web/widgets/COutputProcessor.php(44): CContentDecorator->processOutput('<div class="spa...')
#11 /var/www/yii/framework/web/CBaseController.php(206): COutputProcessor->run()
#12 /var/www/yii/framework/web/CBaseController.php(300): CBaseController->endWidget('CContentDecorat...')
#13 /var/www/DonneurDeSang/themes/myTheme/views/layouts/column2.php(22): CBaseController->endContent()
#14 /var/www/yii/framework/web/CBaseController.php(126): require('/var/www/Donneu...')
#15 /var/www/yii/framework/web/CBaseController.php(95): CBaseController->renderInternal('/var/www/Donneu...', Array, true)
#16 /var/www/yii/framework/web/CController.php(784): CBaseController->renderFile('/var/www/Donneu...', Array, true)
#17 /var/www/DonneurDeSang/protected/controllers/UserLogController.php(133): CController->render('index', Array)
#18 /var/www/yii/framework/web/actions/CInlineAction.php(49): UserLogController->actionIndex()
#19 /var/www/yii/framework/web/CController.php(308): CInlineAction->runWithParams(Array)
#20 /var/www/yii/framework/web/filters/CFilterChain.php(133): CController->runAction(Object(CInlineAction))
#21 /var/www/yii/framework/web/filters/CFilter.php(40): CFilterChain->run()
#22 /var/www/yii/framework/web/CController.php(1145): CFilter->filter(Object(CFilterChain))
#23 /var/www/yii/framework/web/filters/CInlineFilter.php(58): CController->filterAccessControl(Object(CFilterChain))
#24 /var/www/yii/framework/web/filters/CFilterChain.php(130): CInlineFilter->filter(Object(CFilterChain))
#25 /var/www/yii/framework/web/CController.php(291): CFilterChain->run()
#26 /var/www/yii/framework/web/CController.php(265): CController->runActionWithFilters(Object(CInlineAction), Array)
#27 /var/www/yii/framework/web/CWebApplication.php(282): CController->run('')
#28 /var/www/yii/framework/web/CWebApplication.php(141): CWebApplication->runController('userLog')
#29 /var/www/yii/framework/base/CApplication.php(180): CWebApplication->processRequest()
#30 /var/www/DonneurDeSang/index.php(13): CApplication->run()
#31 {main}
REQUEST_URI=/DonneurDeSang/index.php?r=userLog
HTTP_REFERER=http://localhost/DonneurDeSang/index.php?r=gii/bootstrap/index
---
2013/12/27 00:03:48 [error] [exception.CException] exception 'CException' with message 'L'alias « application.behaviors.ActiveRecordLogableBehaviorU » est invalide. Vérifiez qu'il pointe vers un fichier PHP existant.' in /var/www/yii/framework/YiiBase.php:322
Stack trace:
#0 /var/www/yii/framework/YiiBase.php(196): YiiBase::import('application.beh...', true)
#1 /var/www/yii/framework/base/CComponent.php(329): YiiBase::createComponent('application.beh...')
#2 /var/www/yii/framework/base/CComponent.php(298): CComponent->attachBehavior('ActiveRecordLog...', 'application.beh...')
#3 /var/www/yii/framework/db/ar/CActiveRecord.php(396): CComponent->attachBehaviors(Array)
#4 /var/www/DonneurDeSang/protected/models/User.php(118): CActiveRecord::model('User')
#5 /var/www/DonneurDeSang/themes/myTheme/views/layouts/main.php(110): User::model()
#6 /var/www/yii/framework/web/CBaseController.php(126): require('/var/www/Donneu...')
#7 /var/www/yii/framework/web/CBaseController.php(95): CBaseController->renderInternal('/var/www/Donneu...', Array, true)
#8 /var/www/yii/framework/web/widgets/CContentDecorator.php(76): CBaseController->renderFile('/var/www/Donneu...', Array, true)
#9 /var/www/yii/framework/web/widgets/CContentDecorator.php(54): CContentDecorator->decorate('<div class="spa...')
#10 /var/www/yii/framework/web/widgets/COutputProcessor.php(44): CContentDecorator->processOutput('<div class="spa...')
#11 /var/www/yii/framework/web/CBaseController.php(206): COutputProcessor->run()
#12 /var/www/yii/framework/web/CBaseController.php(300): CBaseController->endWidget('CContentDecorat...')
#13 /var/www/DonneurDeSang/themes/myTheme/views/layouts/column2.php(22): CBaseController->endContent()
#14 /var/www/yii/framework/web/CBaseController.php(126): require('/var/www/Donneu...')
#15 /var/www/yii/framework/web/CBaseController.php(95): CBaseController->renderInternal('/var/www/Donneu...', Array, true)
#16 /var/www/yii/framework/web/CController.php(784): CBaseController->renderFile('/var/www/Donneu...', Array, true)
#17 /var/www/DonneurDeSang/protected/controllers/UserLogController.php(133): CController->render('index', Array)
#18 /var/www/yii/framework/web/actions/CInlineAction.php(49): UserLogController->actionIndex()
#19 /var/www/yii/framework/web/CController.php(308): CInlineAction->runWithParams(Array)
#20 /var/www/yii/framework/web/filters/CFilterChain.php(133): CController->runAction(Object(CInlineAction))
#21 /var/www/yii/framework/web/filters/CFilter.php(40): CFilterChain->run()
#22 /var/www/yii/framework/web/CController.php(1145): CFilter->filter(Object(CFilterChain))
#23 /var/www/yii/framework/web/filters/CInlineFilter.php(58): CController->filterAccessControl(Object(CFilterChain))
#24 /var/www/yii/framework/web/filters/CFilterChain.php(130): CInlineFilter->filter(Object(CFilterChain))
#25 /var/www/yii/framework/web/CController.php(291): CFilterChain->run()
#26 /var/www/yii/framework/web/CController.php(265): CController->runActionWithFilters(Object(CInlineAction), Array)
#27 /var/www/yii/framework/web/CWebApplication.php(282): CController->run('')
#28 /var/www/yii/framework/web/CWebApplication.php(141): CWebApplication->runController('userLog')
#29 /var/www/yii/framework/base/CApplication.php(180): CWebApplication->processRequest()
#30 /var/www/DonneurDeSang/index.php(13): CApplication->run()
#31 {main}
REQUEST_URI=/DonneurDeSang/index.php?r=userLog
HTTP_REFERER=http://localhost/DonneurDeSang/index.php?r=gii/bootstrap/index
---
2013/12/27 00:04:17 [error] [exception.CException] exception 'CException' with message 'L'alias « application.behaviors.ActiveRecordLogableBehavior » est invalide. Vérifiez qu'il pointe vers un fichier PHP existant.' in /var/www/yii/framework/YiiBase.php:322
Stack trace:
#0 /var/www/yii/framework/YiiBase.php(196): YiiBase::import('application.beh...', true)
#1 /var/www/yii/framework/base/CComponent.php(329): YiiBase::createComponent('application.beh...')
#2 /var/www/yii/framework/base/CComponent.php(298): CComponent->attachBehavior('ActiveRecordLog...', 'application.beh...')
#3 /var/www/yii/framework/db/ar/CActiveRecord.php(396): CComponent->attachBehaviors(Array)
#4 /var/www/DonneurDeSang/protected/models/User.php(118): CActiveRecord::model('User')
#5 /var/www/DonneurDeSang/themes/myTheme/views/layouts/main.php(110): User::model()
#6 /var/www/yii/framework/web/CBaseController.php(126): require('/var/www/Donneu...')
#7 /var/www/yii/framework/web/CBaseController.php(95): CBaseController->renderInternal('/var/www/Donneu...', Array, true)
#8 /var/www/yii/framework/web/widgets/CContentDecorator.php(76): CBaseController->renderFile('/var/www/Donneu...', Array, true)
#9 /var/www/yii/framework/web/widgets/CContentDecorator.php(54): CContentDecorator->decorate('<div class="spa...')
#10 /var/www/yii/framework/web/widgets/COutputProcessor.php(44): CContentDecorator->processOutput('<div class="spa...')
#11 /var/www/yii/framework/web/CBaseController.php(206): COutputProcessor->run()
#12 /var/www/yii/framework/web/CBaseController.php(300): CBaseController->endWidget('CContentDecorat...')
#13 /var/www/DonneurDeSang/themes/myTheme/views/layouts/column2.php(22): CBaseController->endContent()
#14 /var/www/yii/framework/web/CBaseController.php(126): require('/var/www/Donneu...')
#15 /var/www/yii/framework/web/CBaseController.php(95): CBaseController->renderInternal('/var/www/Donneu...', Array, true)
#16 /var/www/yii/framework/web/CController.php(784): CBaseController->renderFile('/var/www/Donneu...', Array, true)
#17 /var/www/DonneurDeSang/protected/controllers/UserLogController.php(133): CController->render('index', Array)
#18 /var/www/yii/framework/web/actions/CInlineAction.php(49): UserLogController->actionIndex()
#19 /var/www/yii/framework/web/CController.php(308): CInlineAction->runWithParams(Array)
#20 /var/www/yii/framework/web/filters/CFilterChain.php(133): CController->runAction(Object(CInlineAction))
#21 /var/www/yii/framework/web/filters/CFilter.php(40): CFilterChain->run()
#22 /var/www/yii/framework/web/CController.php(1145): CFilter->filter(Object(CFilterChain))
#23 /var/www/yii/framework/web/filters/CInlineFilter.php(58): CController->filterAccessControl(Object(CFilterChain))
#24 /var/www/yii/framework/web/filters/CFilterChain.php(130): CInlineFilter->filter(Object(CFilterChain))
#25 /var/www/yii/framework/web/CController.php(291): CFilterChain->run()
#26 /var/www/yii/framework/web/CController.php(265): CController->runActionWithFilters(Object(CInlineAction), Array)
#27 /var/www/yii/framework/web/CWebApplication.php(282): CController->run('')
#28 /var/www/yii/framework/web/CWebApplication.php(141): CWebApplication->runController('userLog')
#29 /var/www/yii/framework/base/CApplication.php(180): CWebApplication->processRequest()
#30 /var/www/DonneurDeSang/index.php(13): CApplication->run()
#31 {main}
REQUEST_URI=/DonneurDeSang/index.php?r=userLog
HTTP_REFERER=http://localhost/DonneurDeSang/index.php?r=gii/bootstrap/index
---
2013/12/27 00:05:05 [error] [exception.CHttpException.403] exception 'CHttpException' with message 'Vous n'êtes pas autorisé à effectuer cette action.' in /var/www/yii/framework/web/auth/CAccessControlFilter.php:182
Stack trace:
#0 /var/www/yii/framework/web/auth/CAccessControlFilter.php(145): CAccessControlFilter->accessDenied(Object(CWebUser), 'Vous n'??tes pa...')
#1 /var/www/yii/framework/web/filters/CFilter.php(38): CAccessControlFilter->preFilter(Object(CFilterChain))
#2 /var/www/yii/framework/web/CController.php(1145): CFilter->filter(Object(CFilterChain))
#3 /var/www/yii/framework/web/filters/CInlineFilter.php(58): CController->filterAccessControl(Object(CFilterChain))
#4 /var/www/yii/framework/web/filters/CFilterChain.php(130): CInlineFilter->filter(Object(CFilterChain))
#5 /var/www/yii/framework/web/CController.php(291): CFilterChain->run()
#6 /var/www/yii/framework/web/CController.php(265): CController->runActionWithFilters(Object(CInlineAction), Array)
#7 /var/www/yii/framework/web/CWebApplication.php(282): CController->run('admin')
#8 /var/www/yii/framework/web/CWebApplication.php(141): CWebApplication->runController('userLog/admin')
#9 /var/www/yii/framework/base/CApplication.php(180): CWebApplication->processRequest()
#10 /var/www/DonneurDeSang/index.php(13): CApplication->run()
#11 {main}
REQUEST_URI=/DonneurDeSang/index.php?r=userLog/admin
HTTP_REFERER=http://localhost/DonneurDeSang/index.php?r=userLog
---
2013/12/27 00:11:30 [error] [php] include(ActiveRecordLogableBehaviorD.php): failed to open stream: No such file or directory (/var/www/yii/framework/YiiBase.php:427)
Stack trace:
#0 /var/www/yii/framework/YiiBase.php(217): spl_autoload_call()
#1 /var/www/yii/framework/base/CComponent.php(329): createComponent()
#2 /var/www/yii/framework/base/CComponent.php(298): Donneur->attachBehavior()
#3 /var/www/yii/framework/db/ar/CActiveRecord.php(396): Donneur->attachBehaviors()
#4 /var/www/DonneurDeSang/protected/models/Donneur.php(136): model()
#5 /var/www/DonneurDeSang/protected/views/donneur/base.php(9): model()
#6 /var/www/yii/framework/web/CBaseController.php(126): require()
#7 /var/www/yii/framework/web/CBaseController.php(95): DonneurController->renderInternal()
#8 /var/www/yii/framework/web/CController.php(869): DonneurController->renderFile()
#9 /var/www/yii/framework/web/CController.php(782): DonneurController->renderPartial()
#10 /var/www/DonneurDeSang/protected/controllers/DonneurController.php(299): DonneurController->render()
#11 /var/www/yii/framework/web/actions/CInlineAction.php(49): DonneurController->actionBase()
#12 /var/www/yii/framework/web/CController.php(308): CInlineAction->runWithParams()
#13 /var/www/yii/framework/web/filters/CFilterChain.php(133): DonneurController->runAction()
#14 /var/www/yii/framework/web/filters/CFilter.php(40): CFilterChain->run()
#15 /var/www/yii/framework/web/CController.php(1145): CAccessControlFilter->filter()
#16 /var/www/yii/framework/web/filters/CInlineFilter.php(58): DonneurController->filterAccessControl()
#17 /var/www/yii/framework/web/filters/CFilterChain.php(130): CInlineFilter->filter()
#18 /var/www/yii/framework/web/CController.php(291): CFilterChain->run()
#19 /var/www/yii/framework/web/CController.php(265): DonneurController->runActionWithFilters()
#20 /var/www/yii/framework/web/CWebApplication.php(282): DonneurController->run()
#21 /var/www/yii/framework/web/CWebApplication.php(141): CWebApplication->runController()
#22 /var/www/yii/framework/base/CApplication.php(180): CWebApplication->processRequest()
#23 /var/www/DonneurDeSang/index.php(13): CWebApplication->run()
REQUEST_URI=/DonneurDeSang/index.php?r=donneur/base
in /var/www/DonneurDeSang/protected/models/Donneur.php (136)
in /var/www/DonneurDeSang/protected/views/donneur/base.php (9)
in /var/www/DonneurDeSang/protected/controllers/DonneurController.php (299)
2013/12/27 00:30:09 [error] [exception.CHttpException.403] exception 'CHttpException' with message 'Vous n'êtes pas autorisé à effectuer cette action.' in /var/www/yii/framework/web/auth/CAccessControlFilter.php:182
Stack trace:
#0 /var/www/yii/framework/web/auth/CAccessControlFilter.php(145): CAccessControlFilter->accessDenied(Object(CWebUser), 'Vous n'??tes pa...')
#1 /var/www/yii/framework/web/filters/CFilter.php(38): CAccessControlFilter->preFilter(Object(CFilterChain))
#2 /var/www/yii/framework/web/CController.php(1145): CFilter->filter(Object(CFilterChain))
#3 /var/www/yii/framework/web/filters/CInlineFilter.php(58): CController->filterAccessControl(Object(CFilterChain))
#4 /var/www/yii/framework/web/filters/CFilterChain.php(130): CInlineFilter->filter(Object(CFilterChain))
#5 /var/www/yii/framework/web/CController.php(291): CFilterChain->run()
#6 /var/www/yii/framework/web/CController.php(265): CController->runActionWithFilters(Object(CInlineAction), Array)
#7 /var/www/yii/framework/web/CWebApplication.php(282): CController->run('')
#8 /var/www/yii/framework/web/CWebApplication.php(141): CWebApplication->runController('userLog')
#9 /var/www/yii/framework/base/CApplication.php(180): CWebApplication->processRequest()
#10 /var/www/DonneurDeSang/index.php(13): CApplication->run()
#11 {main}
REQUEST_URI=/DonneurDeSang/index.php?r=userLog
HTTP_REFERER=http://localhost/DonneurDeSang/index.php?r=gii/bootstrap/index
---
2013/12/27 00:30:31 [error] [exception.CHttpException.403] exception 'CHttpException' with message 'Vous n'êtes pas autorisé à effectuer cette action.' in /var/www/yii/framework/web/auth/CAccessControlFilter.php:182
Stack trace:
#0 /var/www/yii/framework/web/auth/CAccessControlFilter.php(145): CAccessControlFilter->accessDenied(Object(CWebUser), 'Vous n'??tes pa...')
#1 /var/www/yii/framework/web/filters/CFilter.php(38): CAccessControlFilter->preFilter(Object(CFilterChain))
#2 /var/www/yii/framework/web/CController.php(1145): CFilter->filter(Object(CFilterChain))
#3 /var/www/yii/framework/web/filters/CInlineFilter.php(58): CController->filterAccessControl(Object(CFilterChain))
#4 /var/www/yii/framework/web/filters/CFilterChain.php(130): CInlineFilter->filter(Object(CFilterChain))
#5 /var/www/yii/framework/web/CController.php(291): CFilterChain->run()
#6 /var/www/yii/framework/web/CController.php(265): CController->runActionWithFilters(Object(CInlineAction), Array)
#7 /var/www/yii/framework/web/CWebApplication.php(282): CController->run('')
#8 /var/www/yii/framework/web/CWebApplication.php(141): CWebApplication->runController('userLog')
#9 /var/www/yii/framework/base/CApplication.php(180): CWebApplication->processRequest()
#10 /var/www/DonneurDeSang/index.php(13): CApplication->run()
#11 {main}
REQUEST_URI=/DonneurDeSang/index.php?r=userLog
HTTP_REFERER=http://localhost/DonneurDeSang/index.php?r=gii/bootstrap/index
---
2013/12/29 21:29:26 [error] [php] Undefined index: password (/var/www/donneur.url.ph/protected/controllers/UserController.php:103)
Stack trace:
#0 /var/www/donneur.url.ph/yii/framework/web/actions/CInlineAction.php(47): CInlineAction->runWithParamsInternal()
#1 /var/www/donneur.url.ph/yii/framework/web/CController.php(308): CInlineAction->runWithParams()
#2 /var/www/donneur.url.ph/yii/framework/web/filters/CFilterChain.php(133): UserController->runAction()
#3 /var/www/donneur.url.ph/yii/framework/web/filters/CFilter.php(40): CFilterChain->run()
#4 /var/www/donneur.url.ph/yii/framework/web/CController.php(1145): CAccessControlFilter->filter()
#5 /var/www/donneur.url.ph/yii/framework/web/filters/CInlineFilter.php(58): UserController->filterAccessControl()
#6 /var/www/donneur.url.ph/yii/framework/web/filters/CFilterChain.php(130): CInlineFilter->filter()
#7 /var/www/donneur.url.ph/yii/framework/web/CController.php(291): CFilterChain->run()
#8 /var/www/donneur.url.ph/yii/framework/web/CController.php(265): UserController->runActionWithFilters()
#9 /var/www/donneur.url.ph/yii/framework/web/CWebApplication.php(282): UserController->run()
#10 /var/www/donneur.url.ph/yii/framework/web/CWebApplication.php(141): CWebApplication->runController()
#11 /var/www/donneur.url.ph/yii/framework/base/CApplication.php(180): CWebApplication->processRequest()
#12 /var/www/donneur.url.ph/index.php(13): CWebApplication->run()
REQUEST_URI=/donneur.url.ph/index.php?r=user/update&id=26
in /var/www/donneur.url.ph/protected/controllers/UserController.php (103)
in /var/www/donneur.url.ph/index.php (13)
2013/12/29 21:38:37 [error] [php] Undefined index: password (/var/www/donneur.url.ph/protected/controllers/SiteController.php:91)
Stack trace:
#0 /var/www/donneur.url.ph/yii/framework/web/CController.php(286): SiteController->runAction()
#1 /var/www/donneur.url.ph/yii/framework/web/CController.php(265): SiteController->runActionWithFilters()
#2 /var/www/donneur.url.ph/yii/framework/web/CWebApplication.php(282): SiteController->run()
#3 /var/www/donneur.url.ph/yii/framework/web/CWebApplication.php(141): CWebApplication->runController()
#4 /var/www/donneur.url.ph/yii/framework/base/CApplication.php(180): CWebApplication->processRequest()
#5 /var/www/donneur.url.ph/index.php(13): CWebApplication->run()
REQUEST_URI=/donneur.url.ph/index.php?r=site/login
in /var/www/donneur.url.ph/protected/controllers/SiteController.php (91)
in /var/www/donneur.url.ph/index.php (13)
2013/12/29 21:54:45 [error] [php] Undefined index: isActivated (/var/www/donneur.url.ph/protected/controllers/UserController.php:91)
Stack trace:
#0 /var/www/donneur.url.ph/yii/framework/web/actions/CInlineAction.php(47): CInlineAction->runWithParamsInternal()
#1 /var/www/donneur.url.ph/yii/framework/web/CController.php(308): CInlineAction->runWithParams()
#2 /var/www/donneur.url.ph/yii/framework/web/filters/CFilterChain.php(133): UserController->runAction()
#3 /var/www/donneur.url.ph/yii/framework/web/filters/CFilter.php(40): CFilterChain->run()
#4 /var/www/donneur.url.ph/yii/framework/web/CController.php(1145): CAccessControlFilter->filter()
#5 /var/www/donneur.url.ph/yii/framework/web/filters/CInlineFilter.php(58): UserController->filterAccessControl()
#6 /var/www/donneur.url.ph/yii/framework/web/filters/CFilterChain.php(130): CInlineFilter->filter()
#7 /var/www/donneur.url.ph/yii/framework/web/CController.php(291): CFilterChain->run()
#8 /var/www/donneur.url.ph/yii/framework/web/CController.php(265): UserController->runActionWithFilters()
#9 /var/www/donneur.url.ph/yii/framework/web/CWebApplication.php(282): UserController->run()
#10 /var/www/donneur.url.ph/yii/framework/web/CWebApplication.php(141): CWebApplication->runController()
#11 /var/www/donneur.url.ph/yii/framework/base/CApplication.php(180): CWebApplication->processRequest()
#12 /var/www/donneur.url.ph/index.php(13): CWebApplication->run()
REQUEST_URI=/donneur.url.ph/index.php?r=user/update&id=32
in /var/www/donneur.url.ph/protected/controllers/UserController.php (91)
in /var/www/donneur.url.ph/index.php (13)
2013/12/29 22:09:07 [error] [php] Undefined index: returnUrl (/var/www/donneur.url.ph/protected/controllers/UserController.php:111)
Stack trace:
#0 /var/www/donneur.url.ph/yii/framework/web/actions/CInlineAction.php(47): CInlineAction->runWithParamsInternal()
#1 /var/www/donneur.url.ph/yii/framework/web/CController.php(308): CInlineAction->runWithParams()
#2 /var/www/donneur.url.ph/yii/framework/web/filters/CFilterChain.php(133): UserController->runAction()
#3 /var/www/donneur.url.ph/yii/framework/web/filters/CFilter.php(40): CFilterChain->run()
#4 /var/www/donneur.url.ph/yii/framework/web/CController.php(1145): CAccessControlFilter->filter()
#5 /var/www/donneur.url.ph/yii/framework/web/filters/CInlineFilter.php(58): UserController->filterAccessControl()
#6 /var/www/donneur.url.ph/yii/framework/web/filters/CFilterChain.php(130): CInlineFilter->filter()
#7 /var/www/donneur.url.ph/yii/framework/web/CController.php(291): CFilterChain->run()
#8 /var/www/donneur.url.ph/yii/framework/web/CController.php(265): UserController->runActionWithFilters()
#9 /var/www/donneur.url.ph/yii/framework/web/CWebApplication.php(282): UserController->run()
#10 /var/www/donneur.url.ph/yii/framework/web/CWebApplication.php(141): CWebApplication->runController()
#11 /var/www/donneur.url.ph/yii/framework/base/CApplication.php(180): CWebApplication->processRequest()
#12 /var/www/donneur.url.ph/index.php(13): CWebApplication->run()
REQUEST_URI=/donneur.url.ph/index.php?r=user/update&id=32
in /var/www/donneur.url.ph/protected/controllers/UserController.php (111)
in /var/www/donneur.url.ph/index.php (13)
2013/12/29 22:09:13 [error] [php] Undefined index: returnUrl (/var/www/donneur.url.ph/protected/controllers/UserController.php:111)
Stack trace:
#0 /var/www/donneur.url.ph/yii/framework/web/actions/CInlineAction.php(47): CInlineAction->runWithParamsInternal()
#1 /var/www/donneur.url.ph/yii/framework/web/CController.php(308): CInlineAction->runWithParams()
#2 /var/www/donneur.url.ph/yii/framework/web/filters/CFilterChain.php(133): UserController->runAction()
#3 /var/www/donneur.url.ph/yii/framework/web/filters/CFilter.php(40): CFilterChain->run()
#4 /var/www/donneur.url.ph/yii/framework/web/CController.php(1145): CAccessControlFilter->filter()
#5 /var/www/donneur.url.ph/yii/framework/web/filters/CInlineFilter.php(58): UserController->filterAccessControl()
#6 /var/www/donneur.url.ph/yii/framework/web/filters/CFilterChain.php(130): CInlineFilter->filter()
#7 /var/www/donneur.url.ph/yii/framework/web/CController.php(291): CFilterChain->run()
#8 /var/www/donneur.url.ph/yii/framework/web/CController.php(265): UserController->runActionWithFilters()
#9 /var/www/donneur.url.ph/yii/framework/web/CWebApplication.php(282): UserController->run()
#10 /var/www/donneur.url.ph/yii/framework/web/CWebApplication.php(141): CWebApplication->runController()
#11 /var/www/donneur.url.ph/yii/framework/base/CApplication.php(180): CWebApplication->processRequest()
#12 /var/www/donneur.url.ph/index.php(13): CWebApplication->run()
REQUEST_URI=/donneur.url.ph/index.php?r=user/update&id=32
in /var/www/donneur.url.ph/protected/controllers/UserController.php (111)
in /var/www/donneur.url.ph/index.php (13)
2013/12/29 22:09:17 [error] [php] Undefined index: returnUrl (/var/www/donneur.url.ph/protected/controllers/UserController.php:111)
Stack trace:
#0 /var/www/donneur.url.ph/yii/framework/web/actions/CInlineAction.php(47): CInlineAction->runWithParamsInternal()
#1 /var/www/donneur.url.ph/yii/framework/web/CController.php(308): CInlineAction->runWithParams()
#2 /var/www/donneur.url.ph/yii/framework/web/filters/CFilterChain.php(133): UserController->runAction()
#3 /var/www/donneur.url.ph/yii/framework/web/filters/CFilter.php(40): CFilterChain->run()
#4 /var/www/donneur.url.ph/yii/framework/web/CController.php(1145): CAccessControlFilter->filter()
#5 /var/www/donneur.url.ph/yii/framework/web/filters/CInlineFilter.php(58): UserController->filterAccessControl()
#6 /var/www/donneur.url.ph/yii/framework/web/filters/CFilterChain.php(130): CInlineFilter->filter()
#7 /var/www/donneur.url.ph/yii/framework/web/CController.php(291): CFilterChain->run()
#8 /var/www/donneur.url.ph/yii/framework/web/CController.php(265): UserController->runActionWithFilters()
#9 /var/www/donneur.url.ph/yii/framework/web/CWebApplication.php(282): UserController->run()
#10 /var/www/donneur.url.ph/yii/framework/web/CWebApplication.php(141): CWebApplication->runController()
#11 /var/www/donneur.url.ph/yii/framework/base/CApplication.php(180): CWebApplication->processRequest()
#12 /var/www/donneur.url.ph/index.php(13): CWebApplication->run()
REQUEST_URI=/donneur.url.ph/index.php?r=user/update&id=32
in /var/www/donneur.url.ph/protected/controllers/UserController.php (111)
in /var/www/donneur.url.ph/index.php (13)
2013/12/29 22:15:36 [error] [php] Undefined variable: id (/var/www/donneur.url.ph/protected/views/user/_form.php:14)
Stack trace:
#0 /var/www/donneur.url.ph/yii/framework/web/CController.php(869): UserController->renderFile()
#1 /var/www/donneur.url.ph/protected/views/user/update.php(4): UserController->renderPartial()
#2 /var/www/donneur.url.ph/yii/framework/web/CBaseController.php(126): require()
#3 /var/www/donneur.url.ph/yii/framework/web/CBaseController.php(95): UserController->renderInternal()
#4 /var/www/donneur.url.ph/yii/framework/web/CController.php(869): UserController->renderFile()
#5 /var/www/donneur.url.ph/yii/framework/web/CController.php(782): UserController->renderPartial()
#6 /var/www/donneur.url.ph/protected/controllers/UserController.php(117): UserController->render()
#7 unknown(0): UserController->actionUpdate()
#8 /var/www/donneur.url.ph/yii/framework/web/actions/CAction.php(108): ReflectionMethod->invokeArgs()
#9 /var/www/donneur.url.ph/yii/framework/web/actions/CInlineAction.php(47): CInlineAction->runWithParamsInternal()
#10 /var/www/donneur.url.ph/yii/framework/web/CController.php(308): CInlineAction->runWithParams()
#11 /var/www/donneur.url.ph/yii/framework/web/filters/CFilterChain.php(133): UserController->runAction()
#12 /var/www/donneur.url.ph/yii/framework/web/filters/CFilter.php(40): CFilterChain->run()
#13 /var/www/donneur.url.ph/yii/framework/web/CController.php(1145): CAccessControlFilter->filter()
#14 /var/www/donneur.url.ph/yii/framework/web/filters/CInlineFilter.php(58): UserController->filterAccessControl()
#15 /var/www/donneur.url.ph/yii/framework/web/filters/CFilterChain.php(130): CInlineFilter->filter()
#16 /var/www/donneur.url.ph/yii/framework/web/CController.php(291): CFilterChain->run()
#17 /var/www/donneur.url.ph/yii/framework/web/CController.php(265): UserController->runActionWithFilters()
#18 /var/www/donneur.url.ph/yii/framework/web/CWebApplication.php(282): UserController->run()
#19 /var/www/donneur.url.ph/yii/framework/web/CWebApplication.php(141): CWebApplication->runController()
#20 /var/www/donneur.url.ph/yii/framework/base/CApplication.php(180): CWebApplication->processRequest()
#21 /var/www/donneur.url.ph/index.php(13): CWebApplication->run()
REQUEST_URI=/donneur.url.ph/index.php?r=user/update&id=32
in /var/www/donneur.url.ph/protected/views/user/_form.php (14)
in /var/www/donneur.url.ph/protected/views/user/update.php (4)
in /var/www/donneur.url.ph/protected/controllers/UserController.php (117)
2013/12/30 00:05:15 [error] [exception.CHttpException.404] exception 'CHttpException' with message 'The requested page does not exist.' in /var/www/donneur.url.ph/protected/controllers/DonneurController.php:269
Stack trace:
#0 /var/www/donneur.url.ph/protected/controllers/DonneurController.php(173): DonneurController->loadModel('14')
#1 /var/www/donneur.url.ph/protected/controllers/DonneurController.php(80): DonneurController->actionListDelete()
#2 /var/www/donneur.url.ph/yii/framework/web/actions/CInlineAction.php(49): DonneurController->actionList()
#3 /var/www/donneur.url.ph/yii/framework/web/CController.php(308): CInlineAction->runWithParams(Array)
#4 /var/www/donneur.url.ph/yii/framework/web/filters/CFilterChain.php(133): CController->runAction(Object(CInlineAction))
#5 /var/www/donneur.url.ph/yii/framework/web/filters/CFilter.php(40): CFilterChain->run()
#6 /var/www/donneur.url.ph/yii/framework/web/CController.php(1145): CFilter->filter(Object(CFilterChain))
#7 /var/www/donneur.url.ph/yii/framework/web/filters/CInlineFilter.php(58): CController->filterAccessControl(Object(CFilterChain))
#8 /var/www/donneur.url.ph/yii/framework/web/filters/CFilterChain.php(130): CInlineFilter->filter(Object(CFilterChain))
#9 /var/www/donneur.url.ph/yii/framework/web/CController.php(291): CFilterChain->run()
#10 /var/www/donneur.url.ph/yii/framework/web/CController.php(265): CController->runActionWithFilters(Object(CInlineAction), Array)
#11 /var/www/donneur.url.ph/yii/framework/web/CWebApplication.php(282): CController->run('list')
#12 /var/www/donneur.url.ph/yii/framework/web/CWebApplication.php(141): CWebApplication->runController('donneur/list')
#13 /var/www/donneur.url.ph/yii/framework/base/CApplication.php(180): CWebApplication->processRequest()
#14 /var/www/donneur.url.ph/index.php(13): CApplication->run()
#15 {main}
REQUEST_URI=/donneur.url.ph/index.php?r=donneur/list
HTTP_REFERER=http://localhost/donneur.url.ph/index.php?r=donneur/base
---
2014/05/13 10:28:30 [error] [exception.CDbException] exception 'CDbException' with message 'CDbConnection failed to open the DB connection: SQLSTATE[HY000] [1049] Unknown database 'donneursang'' in C:\xampp\htdocs\donneur\yii\framework\db\CDbConnection.php:382
Stack trace:
#0 C:\xampp\htdocs\donneur\yii\framework\db\CDbConnection.php(330): CDbConnection->open()
#1 C:\xampp\htdocs\donneur\yii\framework\db\CDbConnection.php(308): CDbConnection->setActive(true)
#2 C:\xampp\htdocs\donneur\yii\framework\base\CModule.php(387): CDbConnection->init()
#3 C:\xampp\htdocs\donneur\yii\framework\base\CApplication.php(450): CModule->getComponent('db')
#4 C:\xampp\htdocs\donneur\yii\framework\db\ar\CActiveRecord.php(634): CApplication->getDb()
#5 C:\xampp\htdocs\donneur\yii\framework\db\ar\CActiveRecord.php(2361): CActiveRecord->getDbConnection()
#6 C:\xampp\htdocs\donneur\yii\framework\db\ar\CActiveRecord.php(411): CActiveRecordMetaData->__construct(Object(User))
#7 C:\xampp\htdocs\donneur\yii\framework\db\ar\CActiveRecord.php(79): CActiveRecord->getMetaData()
#8 C:\xampp\htdocs\donneur\protected\controllers\SiteController.php(73): CActiveRecord->__construct()
#9 C:\xampp\htdocs\donneur\yii\framework\web\actions\CInlineAction.php(49): SiteController->actionLogin()
#10 C:\xampp\htdocs\donneur\yii\framework\web\CController.php(308): CInlineAction->runWithParams(Array)
#11 C:\xampp\htdocs\donneur\yii\framework\web\CController.php(286): CController->runAction(Object(CInlineAction))
#12 C:\xampp\htdocs\donneur\yii\framework\web\CController.php(265): CController->runActionWithFilters(Object(CInlineAction), Array)
#13 C:\xampp\htdocs\donneur\yii\framework\web\CWebApplication.php(282): CController->run('login')
#14 C:\xampp\htdocs\donneur\yii\framework\web\CWebApplication.php(141): CWebApplication->runController('site/login')
#15 C:\xampp\htdocs\donneur\yii\framework\base\CApplication.php(180): CWebApplication->processRequest()
#16 C:\xampp\htdocs\donneur\index.php(13): CApplication->run()
#17 {main}
REQUEST_URI=/donneur/?r=site/login
HTTP_REFERER=http://localhost/donneur/?r=site/page&view=quiPeutRecevoirDuSang
---
2014/05/13 14:47:48 [error] [exception.CDbException] exception 'CDbException' with message 'CDbConnection failed to open the DB connection: SQLSTATE[HY000] [1049] Unknown database 'donneursang'' in C:\xampp\htdocs\donneur\yii\framework\db\CDbConnection.php:382
Stack trace:
#0 C:\xampp\htdocs\donneur\yii\framework\db\CDbConnection.php(330): CDbConnection->open()
#1 C:\xampp\htdocs\donneur\yii\framework\db\CDbConnection.php(308): CDbConnection->setActive(true)
#2 C:\xampp\htdocs\donneur\yii\framework\base\CModule.php(387): CDbConnection->init()
#3 C:\xampp\htdocs\donneur\yii\framework\base\CApplication.php(450): CModule->getComponent('db')
#4 C:\xampp\htdocs\donneur\yii\framework\db\ar\CActiveRecord.php(634): CApplication->getDb()
#5 C:\xampp\htdocs\donneur\yii\framework\db\ar\CActiveRecord.php(2361): CActiveRecord->getDbConnection()
#6 C:\xampp\htdocs\donneur\yii\framework\db\ar\CActiveRecord.php(411): CActiveRecordMetaData->__construct(Object(User))
#7 C:\xampp\htdocs\donneur\yii\framework\db\ar\CActiveRecord.php(79): CActiveRecord->getMetaData()
#8 C:\xampp\htdocs\donneur\protected\controllers\SiteController.php(73): CActiveRecord->__construct()
#9 C:\xampp\htdocs\donneur\yii\framework\web\actions\CInlineAction.php(49): SiteController->actionLogin()
#10 C:\xampp\htdocs\donneur\yii\framework\web\CController.php(308): CInlineAction->runWithParams(Array)
#11 C:\xampp\htdocs\donneur\yii\framework\web\CController.php(286): CController->runAction(Object(CInlineAction))
#12 C:\xampp\htdocs\donneur\yii\framework\web\CController.php(265): CController->runActionWithFilters(Object(CInlineAction), Array)
#13 C:\xampp\htdocs\donneur\yii\framework\web\CWebApplication.php(282): CController->run('login')
#14 C:\xampp\htdocs\donneur\yii\framework\web\CWebApplication.php(141): CWebApplication->runController('site/login')
#15 C:\xampp\htdocs\donneur\yii\framework\base\CApplication.php(180): CWebApplication->processRequest()
#16 C:\xampp\htdocs\donneur\index.php(13): CApplication->run()
#17 {main}
REQUEST_URI=/donneur/?r=site/login
HTTP_REFERER=http://localhost/donneur/
---
2014/05/13 14:48:20 [error] [exception.CDbException] exception 'CDbException' with message 'CDbConnection failed to open the DB connection: SQLSTATE[HY000] [1049] Unknown database 'donneursang'' in C:\xampp\htdocs\donneur\yii\framework\db\CDbConnection.php:382
Stack trace:
#0 C:\xampp\htdocs\donneur\yii\framework\db\CDbConnection.php(330): CDbConnection->open()
#1 C:\xampp\htdocs\donneur\yii\framework\db\CDbConnection.php(308): CDbConnection->setActive(true)
#2 C:\xampp\htdocs\donneur\yii\framework\base\CModule.php(387): CDbConnection->init()
#3 C:\xampp\htdocs\donneur\yii\framework\base\CApplication.php(450): CModule->getComponent('db')
#4 C:\xampp\htdocs\donneur\yii\framework\db\ar\CActiveRecord.php(634): CApplication->getDb()
#5 C:\xampp\htdocs\donneur\yii\framework\db\ar\CActiveRecord.php(2361): CActiveRecord->getDbConnection()
#6 C:\xampp\htdocs\donneur\yii\framework\db\ar\CActiveRecord.php(411): CActiveRecordMetaData->__construct(Object(User))
#7 C:\xampp\htdocs\donneur\yii\framework\db\ar\CActiveRecord.php(79): CActiveRecord->getMetaData()
#8 C:\xampp\htdocs\donneur\protected\controllers\SiteController.php(73): CActiveRecord->__construct()
#9 C:\xampp\htdocs\donneur\yii\framework\web\actions\CInlineAction.php(49): SiteController->actionLogin()
#10 C:\xampp\htdocs\donneur\yii\framework\web\CController.php(308): CInlineAction->runWithParams(Array)
#11 C:\xampp\htdocs\donneur\yii\framework\web\CController.php(286): CController->runAction(Object(CInlineAction))
#12 C:\xampp\htdocs\donneur\yii\framework\web\CController.php(265): CController->runActionWithFilters(Object(CInlineAction), Array)
#13 C:\xampp\htdocs\donneur\yii\framework\web\CWebApplication.php(282): CController->run('login')
#14 C:\xampp\htdocs\donneur\yii\framework\web\CWebApplication.php(141): CWebApplication->runController('site/login')
#15 C:\xampp\htdocs\donneur\yii\framework\base\CApplication.php(180): CWebApplication->processRequest()
#16 C:\xampp\htdocs\donneur\index.php(13): CApplication->run()
#17 {main}
REQUEST_URI=/donneur/?r=site/login
HTTP_REFERER=http://localhost/donneur/
---
2014/05/13 14:48:24 [error] [exception.CDbException] exception 'CDbException' with message 'CDbConnection failed to open the DB connection: SQLSTATE[HY000] [1049] Unknown database 'donneursang'' in C:\xampp\htdocs\donneur\yii\framework\db\CDbConnection.php:382
Stack trace:
#0 C:\xampp\htdocs\donneur\yii\framework\db\CDbConnection.php(330): CDbConnection->open()
#1 C:\xampp\htdocs\donneur\yii\framework\db\CDbConnection.php(308): CDbConnection->setActive(true)
#2 C:\xampp\htdocs\donneur\yii\framework\base\CModule.php(387): CDbConnection->init()
#3 C:\xampp\htdocs\donneur\yii\framework\base\CApplication.php(450): CModule->getComponent('db')
#4 C:\xampp\htdocs\donneur\yii\framework\db\ar\CActiveRecord.php(634): CApplication->getDb()
#5 C:\xampp\htdocs\donneur\yii\framework\db\ar\CActiveRecord.php(2361): CActiveRecord->getDbConnection()
#6 C:\xampp\htdocs\donneur\yii\framework\db\ar\CActiveRecord.php(411): CActiveRecordMetaData->__construct(Object(User))
#7 C:\xampp\htdocs\donneur\yii\framework\db\ar\CActiveRecord.php(79): CActiveRecord->getMetaData()
#8 C:\xampp\htdocs\donneur\protected\controllers\SiteController.php(73): CActiveRecord->__construct()
#9 C:\xampp\htdocs\donneur\yii\framework\web\actions\CInlineAction.php(49): SiteController->actionLogin()
#10 C:\xampp\htdocs\donneur\yii\framework\web\CController.php(308): CInlineAction->runWithParams(Array)
#11 C:\xampp\htdocs\donneur\yii\framework\web\CController.php(286): CController->runAction(Object(CInlineAction))
#12 C:\xampp\htdocs\donneur\yii\framework\web\CController.php(265): CController->runActionWithFilters(Object(CInlineAction), Array)
#13 C:\xampp\htdocs\donneur\yii\framework\web\CWebApplication.php(282): CController->run('login')
#14 C:\xampp\htdocs\donneur\yii\framework\web\CWebApplication.php(141): CWebApplication->runController('site/login')
#15 C:\xampp\htdocs\donneur\yii\framework\base\CApplication.php(180): CWebApplication->processRequest()
#16 C:\xampp\htdocs\donneur\index.php(13): CApplication->run()
#17 {main}
REQUEST_URI=/donneur/?r=site/login
HTTP_REFERER=http://localhost/donneur/
---
2014/05/13 14:50:47 [error] [system.db.CDbCommand] CDbCommand::fetchAll() failed: SQLSTATE[42S02]: Base table or view not found: 1146 Table 'donneur.user_log' doesn't exist. The SQL statement executed was: SHOW FULL COLUMNS FROM `user_log`.
in C:\xampp\htdocs\donneur\protected\controllers\UserLogController.php (121)
in C:\xampp\htdocs\donneur\index.php (13)
2014/05/13 14:50:47 [error] [exception.CDbException] exception 'CDbException' with message 'La table « user_log » associée à la classe Active record « UserLog » est introuvable dans la base de données.' in C:\xampp\htdocs\donneur\yii\framework\db\ar\CActiveRecord.php:2362
Stack trace:
#0 C:\xampp\htdocs\donneur\yii\framework\db\ar\CActiveRecord.php(411): CActiveRecordMetaData->__construct(Object(UserLog))
#1 C:\xampp\htdocs\donneur\yii\framework\db\ar\CActiveRecord.php(79): CActiveRecord->getMetaData()
#2 C:\xampp\htdocs\donneur\protected\controllers\UserLogController.php(121): CActiveRecord->__construct('search')
#3 C:\xampp\htdocs\donneur\yii\framework\web\actions\CInlineAction.php(49): UserLogController->actionAdmin()
#4 C:\xampp\htdocs\donneur\yii\framework\web\CController.php(308): CInlineAction->runWithParams(Array)
#5 C:\xampp\htdocs\donneur\yii\framework\web\filters\CFilterChain.php(133): CController->runAction(Object(CInlineAction))
#6 C:\xampp\htdocs\donneur\yii\framework\web\filters\CFilter.php(40): CFilterChain->run()
#7 C:\xampp\htdocs\donneur\yii\framework\web\CController.php(1145): CFilter->filter(Object(CFilterChain))
#8 C:\xampp\htdocs\donneur\yii\framework\web\filters\CInlineFilter.php(58): CController->filterAccessControl(Object(CFilterChain))
#9 C:\xampp\htdocs\donneur\yii\framework\web\filters\CFilterChain.php(130): CInlineFilter->filter(Object(CFilterChain))
#10 C:\xampp\htdocs\donneur\yii\framework\web\CController.php(291): CFilterChain->run()
#11 C:\xampp\htdocs\donneur\yii\framework\web\CController.php(265): CController->runActionWithFilters(Object(CInlineAction), Array)
#12 C:\xampp\htdocs\donneur\yii\framework\web\CWebApplication.php(282): CController->run('admin')
#13 C:\xampp\htdocs\donneur\yii\framework\web\CWebApplication.php(141): CWebApplication->runController('userLog/admin')
#14 C:\xampp\htdocs\donneur\yii\framework\base\CApplication.php(180): CWebApplication->processRequest()
#15 C:\xampp\htdocs\donneur\index.php(13): CApplication->run()
#16 {main}
REQUEST_URI=/donneur/index.php?r=userLog/admin
HTTP_REFERER=http://localhost/donneur/index.php?r=donneur/base
---
2014/08/15 20:19:51 [error] [system.db.CDbCommand] CDbCommand::fetchAll() failed: SQLSTATE[42S02]: Base table or view not found: 1146 Table 'donneur.user_log' doesn't exist. The SQL statement executed was: SHOW FULL COLUMNS FROM `user_log`.
in C:\xampp\htdocs\donneur\protected\controllers\UserLogController.php (121)
in C:\xampp\htdocs\donneur\index.php (13)
2014/08/15 20:19:51 [error] [exception.CDbException] exception 'CDbException' with message 'La table « user_log » associée à la classe Active record « UserLog » est introuvable dans la base de données.' in C:\xampp\htdocs\donneur\yii\framework\db\ar\CActiveRecord.php:2362
Stack trace:
#0 C:\xampp\htdocs\donneur\yii\framework\db\ar\CActiveRecord.php(411): CActiveRecordMetaData->__construct(Object(UserLog))
#1 C:\xampp\htdocs\donneur\yii\framework\db\ar\CActiveRecord.php(79): CActiveRecord->getMetaData()
#2 C:\xampp\htdocs\donneur\protected\controllers\UserLogController.php(121): CActiveRecord->__construct('search')
#3 C:\xampp\htdocs\donneur\yii\framework\web\actions\CInlineAction.php(49): UserLogController->actionAdmin()
#4 C:\xampp\htdocs\donneur\yii\framework\web\CController.php(308): CInlineAction->runWithParams(Array)
#5 C:\xampp\htdocs\donneur\yii\framework\web\filters\CFilterChain.php(133): CController->runAction(Object(CInlineAction))
#6 C:\xampp\htdocs\donneur\yii\framework\web\filters\CFilter.php(40): CFilterChain->run()
#7 C:\xampp\htdocs\donneur\yii\framework\web\CController.php(1145): CFilter->filter(Object(CFilterChain))
#8 C:\xampp\htdocs\donneur\yii\framework\web\filters\CInlineFilter.php(58): CController->filterAccessControl(Object(CFilterChain))
#9 C:\xampp\htdocs\donneur\yii\framework\web\filters\CFilterChain.php(130): CInlineFilter->filter(Object(CFilterChain))
#10 C:\xampp\htdocs\donneur\yii\framework\web\CController.php(291): CFilterChain->run()
#11 C:\xampp\htdocs\donneur\yii\framework\web\CController.php(265): CController->runActionWithFilters(Object(CInlineAction), Array)
#12 C:\xampp\htdocs\donneur\yii\framework\web\CWebApplication.php(282): CController->run('admin')
#13 C:\xampp\htdocs\donneur\yii\framework\web\CWebApplication.php(141): CWebApplication->runController('userLog/admin')
#14 C:\xampp\htdocs\donneur\yii\framework\base\CApplication.php(180): CWebApplication->processRequest()
#15 C:\xampp\htdocs\donneur\index.php(13): CApplication->run()
#16 {main}
REQUEST_URI=/donneur/index.php?r=userLog/admin
HTTP_REFERER=http://localhost/donneur/index.php?r=user/update&id=12
---
